d:\idrive-sync\visual studio\projects\changeelementcpp\changeelementcpp\x64\debug\changeelementcpp.mainform.resources
d:\idrive-sync\visual studio\projects\changeelementcpp\changeelementcpp\x64\debug\changeelementcpp.pch
d:\idrive-sync\visual studio\projects\changeelementcpp\changeelementcpp\x64\debug\vc143.pdb
d:\idrive-sync\visual studio\projects\changeelementcpp\changeelementcpp\x64\debug\pch.obj
d:\idrive-sync\visual studio\projects\changeelementcpp\changeelementcpp\x64\debug\assemblyinfo.obj
d:\idrive-sync\visual studio\projects\changeelementcpp\changeelementcpp\x64\debug\.netframework,version=v4.8.assemblyattributes.obj
d:\idrive-sync\visual studio\projects\changeelementcpp\x64\debug\changeelementcpp.dll
d:\idrive-sync\visual studio\projects\changeelementcpp\x64\debug\changeelementcpp.pdb
d:\idrive-sync\visual studio\projects\changeelementcpp\changeelementcpp\x64\debug\changeelementcpp.tlog\metagen.write.1.tlog
d:\idrive-sync\visual studio\projects\changeelementcpp\changeelementcpp\x64\debug\app.res
d:\idrive-sync\visual studio\projects\changeelementcpp\changeelementcpp\x64\debug\command.obj
d:\idrive-sync\visual studio\projects\changeelementcpp\changeelementcpp\x64\debug\mainform.obj
d:\idrive-sync\visual studio\projects\changeelementcpp\changeelementcpp\x64\debug\changeelementcpp.tlog\changeelementcpp.write.1u.tlog
d:\idrive-sync\visual studio\projects\changeelementcpp\changeelementcpp\x64\debug\changeelementcpp.tlog\cl.command.1.tlog
d:\idrive-sync\visual studio\projects\changeelementcpp\changeelementcpp\x64\debug\changeelementcpp.tlog\cl.read.1.tlog
d:\idrive-sync\visual studio\projects\changeelementcpp\changeelementcpp\x64\debug\changeelementcpp.tlog\cl.write.1.tlog
d:\idrive-sync\visual studio\projects\changeelementcpp\changeelementcpp\x64\debug\changeelementcpp.tlog\link.command.1.tlog
d:\idrive-sync\visual studio\projects\changeelementcpp\changeelementcpp\x64\debug\changeelementcpp.tlog\link.read.1.tlog
d:\idrive-sync\visual studio\projects\changeelementcpp\changeelementcpp\x64\debug\changeelementcpp.tlog\link.write.1.tlog
d:\idrive-sync\visual studio\projects\changeelementcpp\changeelementcpp\x64\debug\changeelementcpp.tlog\metagen.read.1.tlog
d:\idrive-sync\visual studio\projects\changeelementcpp\changeelementcpp\x64\debug\changeelementcpp.tlog\rc.command.1.tlog
d:\idrive-sync\visual studio\projects\changeelementcpp\changeelementcpp\x64\debug\changeelementcpp.tlog\rc.read.1.tlog
d:\idrive-sync\visual studio\projects\changeelementcpp\changeelementcpp\x64\debug\changeelementcpp.tlog\rc.write.1.tlog
d:\idrive-sync\visual studio\projects\changeelementcpp\changeelementcpp\x64\debug\changeelementcpp.tlog\revitapi.dll.metagen
d:\idrive-sync\visual studio\projects\changeelementcpp\changeelementcpp\x64\debug\changeelementcpp.tlog\revitapiui.dll.metagen
